
2011-04-14 09:14:36 User: (ENZO\Administrator) 
## Message:用户 'sa' 登录失败。


2011-04-14 09:16:18 User: (ENZO\Administrator) 
## Message:用户 'sa' 登录失败。


2011-04-14 09:17:28 User: (ENZO\Administrator) 
## Message:用户 'sa' 登录失败。


2011-04-14 09:18:16 User: (ENZO\Administrator) 
## Message:用户 'sa' 登录失败。


2011-04-14 09:19:26 User: (ENZO\Administrator) 
## Message:用户 'sa' 登录失败。


2011-04-14 09:19:33 User: (ENZO\Administrator) 
## Message:用户 'sa' 登录失败。


2011-04-14 09:21:31 User: (ENZO\Administrator) 
## Message:用户 'sa' 登录失败。


2011-04-14 09:23:19 User: (ENZO\Administrator) 
## Message:用户 'sa' 登录失败。


2011-04-14 09:24:33 User: (ENZO\Administrator) 
## Message:用户 'sa' 登录失败。


2011-04-14 09:24:58 User: (ENZO\Administrator) 
## Message:用户 'sa' 登录失败。


2011-04-14 09:27:18 User: (ENZO\Administrator) 
## Message:用户 'sa' 登录失败。


2011-04-14 09:27:56 User: (ENZO\Administrator) 
## Message:用户 'sa' 登录失败。


2011-04-14 09:41:56 User: (ENZO\Administrator) 
## Message:用户 'sa' 登录失败。


2011-04-14 09:42:00 User: (ENZO\Administrator) 
## Message:用户 'sa' 登录失败。


2011-04-14 10:24:03 User: (ENZO\Administrator) 
## Message:用户 'sa' 登录失败。


2011-04-14 10:30:01 User: (ENZO\Administrator) 
## Message:用户 'sa' 登录失败。


2011-04-14 10:30:04 User: (ENZO\Administrator) 
## Message:用户 'sa' 登录失败。


2011-04-14 10:30:52 User: (ENZO\Administrator) 
## Message:用户 'sa' 登录失败。


2011-04-14 10:32:59 User: (ENZO\Administrator) 
## Message:用户 'sa' 登录失败。


2011-04-14 10:33:59 User: (ENZO\Administrator) 
## Message:用户 'sa' 登录失败。


2011-04-14 10:41:15 User: (ENZO\Administrator) 
## Message:用户 'sa' 登录失败。


2011-04-14 10:41:19 User: (ENZO\Administrator) 
## Message:用户 'sa' 登录失败。


2011-04-14 10:42:10 User: (ENZO\Administrator) 
## Message:用户 'sa' 登录失败。


2011-04-14 10:42:13 User: (ENZO\Administrator) 
## Message:用户 'sa' 登录失败。


2011-04-14 10:44:37 User: (ENZO\Administrator) 
## Message:用户 'sa' 登录失败。


2011-04-14 10:47:26 User: (ENZO\Administrator) 
## Message:用户 'sa' 登录失败。


2011-04-14 10:49:57 User: (ENZO\Administrator) 
## Message:A list of clsOPERATOR objects ( WHERE ( [operator].[user_code] = @operatoruser_code0 )) have been fetched.


2011-04-14 10:49:57 User:admin (ENZO\Administrator) 
## Message:对象名  'client' 无效。


2011-04-14 10:52:13 User: (ENZO\Administrator) 
## Message:A list of clsOPERATOR objects ( WHERE ( [operator].[user_code] = @operatoruser_code0 )) have been fetched.


2011-04-14 10:52:13 User:admin (ENZO\Administrator) 
## Message:对象名  'client' 无效。


2011-04-14 16:24:57 User: (P1910-11\User) 
## Message:A list of clsOPERATOR objects ( WHERE ( [operator].[user_code] = @operatoruser_code0 )) have been fetched.


2011-04-14 16:24:58 User:admin (P1910-11\User) 
## Message:Invalid object name 'client'.

