
2011-08-30 15:24:06 User: (ENZO1\Administrator) 
## Message:无法打开登录所请求的数据库 "cevatest"。登录失败。
用户 'sa' 登录失败。


2011-08-30 15:25:04 User: (ENZO1\Administrator) 
## Message:A list of clsOPERATOR objects ( WHERE ( [operator].[user_code] = @operatoruser_code0 )) have been fetched.


2011-08-30 15:25:04 User:admin (ENZO1\Administrator) 
## Message:对象名 'client' 无效。


2011-08-30 15:25:15 User:admin (ENZO1\Administrator) 
## Message:All clstaskhdr objects have been fetched.


2011-08-30 15:25:21 User:admin (ENZO1\Administrator) 
## Message:A list of clstasklist objects ( WHERE ( DataTable.[dc_code] = @dc_code0 ) AND ( DataTable.[task_id] = @task_id0 )) have been fetched.


2011-08-30 15:25:21 User:admin (ENZO1\Administrator) 
## Message:A list of clstasklin objects ( WHERE ( DataTable.[dc_code] = @dc_code0 ) AND ( DataTable.[task_id] = @task_id0 )) have been fetched.


2011-08-30 15:25:25 User:admin (ENZO1\Administrator) 
## Message:All clsDnBin objects have been fetched.


2011-08-30 15:25:27 User:admin (ENZO1\Administrator) 
## Message:All clsbinStatus objects have been fetched.


2011-08-30 17:23:24 User:admin (ENZO1\Administrator) 
## Message:All clsbchhdr objects have been fetched.


2011-08-30 17:23:26 User:admin (ENZO1\Administrator) 
## Message:All clsbchhdr objects have been fetched.


2011-08-30 17:23:33 User:admin (ENZO1\Administrator) 
## Message:All clsbchhdr objects have been fetched.


2011-08-30 17:27:41 User:admin (ENZO1\Administrator) 
## Message:All clsbchhdr objects have been fetched.


2011-08-30 17:34:35 User:admin (ENZO1\Administrator) 
## Message:All clsbchhdr objects have been fetched.


2011-08-30 17:34:37 User:admin (ENZO1\Administrator) 
## Message:A list of clsbchlin objects ( WHERE ( DataTable.[bch_no] = @bch_no0 ) AND ( DataTable.[dc_code] = @dc_code0 )) have been fetched.


2011-08-30 17:34:37 User:admin (ENZO1\Administrator) 
## Message:A list of clsDnBin objects ( WHERE ( DataTable.[dc_code] = @dc_code0 ) AND ( DataTable.[bch_no] = @bch_no0 )) have been fetched.


2011-08-30 17:34:37 User:admin (ENZO1\Administrator) 
## Message:A list of clstaskhdr objects ( WHERE ( DataTable.[dc_code] = @dc_code0 ) AND ( DataTable.[bch_no] = @bch_no0 )) have been fetched.


2011-08-30 20:43:19 User:admin (ENZO1\Administrator) 
## Message:All clsbchhdr objects have been fetched.


2011-08-30 20:43:23 User:admin (ENZO1\Administrator) 
## Message:A list of clsbchhdr objects ( WHERE ( ( [dbo].[bchhdr].[status_code] in ('2    ','3    ') ) )) have been fetched.


2011-08-30 20:43:24 User:admin (ENZO1\Administrator) 
## Message:A list of clsbchhdr objects ( WHERE ( ( [dbo].[bchhdr].[status_code] in ('0    ','1    ') ) )) have been fetched.


2011-08-30 20:43:28 User:admin (ENZO1\Administrator) 
## Message:A list of clsbchhdr objects ( WHERE ( ( [dbo].[bchhdr].[status_code] in (4) ) )) have been fetched.


2011-08-30 20:43:40 User:admin (ENZO1\Administrator) 
## Message:All clsdnhdr objects have been fetched.


2011-08-30 20:44:52 User:admin (ENZO1\Administrator) 
## Message:A list of clsdnhdr objects ( WHERE ( ( [dbo].[dnhdr].[status_code] in (0) ) )) have been fetched.


2011-08-30 20:44:55 User:admin (ENZO1\Administrator) 
## Message:A list of clsdnhdr objects ( WHERE ( ( [dbo].[dnhdr].[status_code] in ('1    ','2    ','3    ','4    ') ) )) have been fetched.


2011-08-30 20:45:03 User:admin (ENZO1\Administrator) 
## Message:All clsbchhdr objects have been fetched.


2011-08-30 20:53:33 User:admin (ENZO1\Administrator) 
## Message:All clsbchhdr objects have been fetched.


2011-08-30 21:00:59 User:admin (ENZO1\Administrator) 
## Message:A list of clsdnhdr objects ( WHERE ( ( [dbo].[dnhdr].[status_code] in (5) ) )) have been fetched.


2011-08-30 21:06:59 User:admin (ENZO1\Administrator) 
## Message:All clsdnhdr objects have been fetched.


2011-08-30 21:07:01 User:admin (ENZO1\Administrator) 
## Message:A list of clsdnhdr objects ( WHERE ( ( [dbo].[dnhdr].[status_code] in (0) ) )) have been fetched.


2011-08-30 21:07:05 User:admin (ENZO1\Administrator) 
## Message:A list of clsdnhdr objects ( WHERE ( ( [dbo].[dnhdr].[status_code] in ('1    ','2    ','3    ','4    ') ) )) have been fetched.


2011-08-30 21:07:05 User:admin (ENZO1\Administrator) 
## Message:A list of clsdnhdr objects ( WHERE ( ( [dbo].[dnhdr].[status_code] in (5) ) )) have been fetched.


2011-08-30 21:07:07 User:admin (ENZO1\Administrator) 
## Message:All clsbchhdr objects have been fetched.


2011-08-30 21:11:07 User:admin (ENZO1\Administrator) 
## Message:All clsbchhdr objects have been fetched.


2011-08-30 21:30:38 User:admin (ENZO1\Administrator) 
## Message:All clsbchhdr objects have been fetched.


2011-08-30 22:44:49 User:admin (ENZO1\Administrator) 
## Message:All clsbchhdr objects have been fetched.


2011-08-30 22:46:12 User:admin (ENZO1\Administrator) 
## Message:All clsbchhdr objects have been fetched.


2011-08-30 22:46:57 User:admin (ENZO1\Administrator) 
## Message:A list of clsbchlin objects ( WHERE ( DataTable.[bch_no] = @bch_no0 ) AND ( DataTable.[dc_code] = @dc_code0 )) have been fetched.


2011-08-30 22:46:58 User:admin (ENZO1\Administrator) 
## Message:A list of clsDnBin objects ( WHERE ( DataTable.[dc_code] = @dc_code0 ) AND ( DataTable.[bch_no] = @bch_no0 )) have been fetched.


2011-08-30 22:46:58 User:admin (ENZO1\Administrator) 
## Message:A list of clstaskhdr objects ( WHERE ( DataTable.[dc_code] = @dc_code0 ) AND ( DataTable.[bch_no] = @bch_no0 )) have been fetched.


2011-08-30 22:47:06 User:admin (ENZO1\Administrator) 
## Message:All clsbchhdr objects have been fetched.


2011-08-30 22:47:06 User:admin (ENZO1\Administrator) 
## Message:A list of clsbchlin objects ( WHERE ( DataTable.[bch_no] = @bch_no0 ) AND ( DataTable.[dc_code] = @dc_code0 )) have been fetched.


2011-08-30 22:47:06 User:admin (ENZO1\Administrator) 
## Message:A list of clsDnBin objects ( WHERE ( DataTable.[dc_code] = @dc_code0 ) AND ( DataTable.[bch_no] = @bch_no0 )) have been fetched.


2011-08-30 22:47:06 User:admin (ENZO1\Administrator) 
## Message:A list of clstaskhdr objects ( WHERE ( DataTable.[dc_code] = @dc_code0 ) AND ( DataTable.[bch_no] = @bch_no0 )) have been fetched.

