
2011-09-02 06:54:27 User: (ENZO\Administrator) 
## Message:A list of clsOPERATOR objects ( WHERE ( [operator].[user_code] = @operatoruser_code0 )) have been fetched.


2011-09-02 06:54:29 User:admin (ENZO\Administrator) 
## Message:对象名 'client' 无效。


2011-09-02 07:06:25 User: (ENZO\Administrator) 
## Message:A list of clsOPERATOR objects ( WHERE ( [operator].[user_code] = @operatoruser_code0 )) have been fetched.


2011-09-02 07:06:26 User:admin (ENZO\Administrator) 
## Message:对象名 'client' 无效。


2011-09-02 09:54:08 User: (ENZO\Administrator) 
## Message:无法打开登录所请求的数据库 "ceva"。登录失败。
用户 'sa' 登录失败。


2011-09-02 09:54:48 User: (ENZO\Administrator) 
## Message:A list of clsOPERATOR objects ( WHERE ( [operator].[user_code] = @operatoruser_code0 )) have been fetched.


2011-09-02 09:54:49 User:admin (ENZO\Administrator) 
## Message:对象名 'client' 无效。


2011-09-02 09:56:08 User:admin (ENZO\Administrator) 
## Message:All clsdnhdr objects have been fetched.


2011-09-02 09:56:12 User:admin (ENZO\Administrator) 
## Message:All clsbchhdr objects have been fetched.


2011-09-02 09:56:40 User:admin (ENZO\Administrator) 
## Message:All clsbchhdr objects have been fetched.


2011-09-02 09:56:48 User:admin (ENZO\Administrator) 
## Message:A list of clsbchlin objects ( WHERE ( DataTable.[bch_no] = @bch_no0 ) AND ( DataTable.[dc_code] = @dc_code0 )) have been fetched.


2011-09-02 09:56:49 User:admin (ENZO\Administrator) 
## Message:A list of clsDnBin objects ( WHERE ( DataTable.[bch_no] = @bch_no0 ) AND ( DataTable.[dc_code] = @dc_code0 )) have been fetched.


2011-09-02 09:56:49 User:admin (ENZO\Administrator) 
## Message:A list of clstaskhdr objects ( WHERE ( DataTable.[bch_no] = @bch_no0 ) AND ( DataTable.[dc_code] = @dc_code0 )) have been fetched.


2011-09-02 09:57:19 User:admin (ENZO\Administrator) 
## Message:All clsbchhdr objects have been fetched.


2011-09-02 09:57:19 User:admin (ENZO\Administrator) 
## Message:A list of clsbchlin objects ( WHERE ( DataTable.[bch_no] = @bch_no0 ) AND ( DataTable.[dc_code] = @dc_code0 )) have been fetched.


2011-09-02 09:57:20 User:admin (ENZO\Administrator) 
## Message:A list of clsDnBin objects ( WHERE ( DataTable.[bch_no] = @bch_no0 ) AND ( DataTable.[dc_code] = @dc_code0 )) have been fetched.


2011-09-02 09:57:20 User:admin (ENZO\Administrator) 
## Message:A list of clstaskhdr objects ( WHERE ( DataTable.[bch_no] = @bch_no0 ) AND ( DataTable.[dc_code] = @dc_code0 )) have been fetched.


2011-09-02 09:57:51 User:admin (ENZO\Administrator) 
## Message:All clsOPERATOR objects have been fetched.


2011-09-02 10:08:35 User:admin (ENZO\Administrator) 
## Message:All clsskuinfo objects have been fetched.


2011-09-02 10:09:40 User:admin (ENZO\Administrator) 
## Message:A list of clsskuinfo objects ( WHERE ( ( [skuinfo].[sku_no] = @skuinfosku_no0 ) )) have been fetched.


2011-09-02 10:09:57 User:admin (ENZO\Administrator) 
## Message:A list of clsskuinfo objects ( WHERE ( ( [skuinfo].[sku_no] = @skuinfosku_no0 ) )) have been fetched.


2011-09-02 10:11:14 User:admin (ENZO\Administrator) 
## Message:clsskuinfo: sku_no-P31235875;sku_wms-4905524805024; has been inserted.


2011-09-02 10:11:14 User:admin (ENZO\Administrator) 
## Message:A list of clsbarcode objects ( WHERE ( DataTable.[sku_no] = @sku_no0 )) have been fetched.


2011-09-02 10:11:14 User:admin (ENZO\Administrator) 
## Message:A list of clsskuinfo objects ( WHERE ( ( [skuinfo].[sku_no] = @skuinfosku_no0 ) )) have been fetched.


2011-09-02 10:11:15 User:admin (ENZO\Administrator) 
## Message:A list of clsskuinfo objects ( WHERE ( ( [skuinfo].[sku_no] = @skuinfosku_no0 ) )) have been fetched.


2011-09-02 10:11:15 User:admin (ENZO\Administrator) 
## Message:A list of clsbarcode objects ( WHERE ( DataTable.[sku_no] = @sku_no0 )) have been fetched.


2011-09-02 10:11:31 User:admin (ENZO\Administrator) 
## Message:All clsbinarea objects have been fetched.


2011-09-02 10:11:44 User:admin (ENZO\Administrator) 
## Message:A list of clsskuinfo objects ( WHERE ( ( [skuinfo].[sku_no] = @skuinfosku_no0 ) )) have been fetched.


2011-09-02 10:11:50 User:admin (ENZO\Administrator) 
## Message:A list of clsskuinfo objects ( WHERE ( ( [skuinfo].[sku_no] = @skuinfosku_no0 ) )) have been fetched.


2011-09-02 10:11:51 User:admin (ENZO\Administrator) 
## Message:A list of clsbarcode objects ( WHERE ( DataTable.[sku_no] = @sku_no0 )) have been fetched.


2011-09-02 11:07:13 User: (ENZO\Administrator) 
## Message:A list of clsOPERATOR objects ( WHERE ( [operator].[user_code] = @operatoruser_code0 )) have been fetched.


2011-09-02 11:07:14 User:admin (ENZO\Administrator) 
## Message:对象名 'client' 无效。


2011-09-02 13:23:00 User: (ENZO\Administrator) 
## Message:A list of clsOPERATOR objects ( WHERE ( [operator].[user_code] = @operatoruser_code0 )) have been fetched.


2011-09-02 13:23:01 User:admin (ENZO\Administrator) 
## Message:对象名 'client' 无效。


2011-09-02 13:24:27 User: (ENZO\Administrator) 
## Message:A list of clsOPERATOR objects ( WHERE ( [operator].[user_code] = @operatoruser_code0 )) have been fetched.


2011-09-02 13:24:28 User:admin (ENZO\Administrator) 
## Message:对象名 'client' 无效。


2011-09-02 13:27:13 User: (ENZO\Administrator) 
## Message:A list of clsOPERATOR objects ( WHERE ( [operator].[user_code] = @operatoruser_code0 )) have been fetched.


2011-09-02 13:27:14 User:admin (ENZO\Administrator) 
## Message:对象名 'client' 无效。


2011-09-02 14:06:43 User:admin (ENZO\Administrator) 
## Message:All clsdnhdr objects have been fetched.


2011-09-02 14:06:55 User:admin (ENZO\Administrator) 
## Message:All clsbinStatus objects have been fetched.


2011-09-02 14:06:58 User:admin (ENZO\Administrator) 
## Message:All clsbinStatus objects have been fetched.


2011-09-02 14:07:01 User:admin (ENZO\Administrator) 
## Message:All clsbchhdr objects have been fetched.


2011-09-02 14:07:01 User:admin (ENZO\Administrator) 
## Message:A list of clsbchhdr objects ( WHERE ( ( [dbo].[bchhdr].[status_code] in ('0    ','1    ') ) )) have been fetched.


2011-09-02 14:07:03 User:admin (ENZO\Administrator) 
## Message:A list of clsbchhdr objects ( WHERE ( ( [dbo].[bchhdr].[status_code] in ('2    ','3    ') ) )) have been fetched.


2011-09-02 14:07:03 User:admin (ENZO\Administrator) 
## Message:A list of clsbchhdr objects ( WHERE ( ( [dbo].[bchhdr].[status_code] in (4) ) )) have been fetched.


2011-09-02 14:07:13 User:admin (ENZO\Administrator) 
## Message:A list of clsdnlin objects ( WHERE ( DataTable.[dn_no] = @dn_no0 ) AND ( DataTable.[dc_code] = @dc_code0 )) have been fetched.


2011-09-02 14:07:13 User:admin (ENZO\Administrator) 
## Message:A list of clstasklin objects ( WHERE ( DataTable.[dc_code] = @dc_code0 ) AND ( DataTable.[dn_no] = @dn_no0 )) have been fetched.


2011-09-02 14:07:13 User:admin (ENZO\Administrator) 
## Message:A list of clsDnBin objects ( WHERE ( DataTable.[dc_code] = @dc_code0 ) AND ( DataTable.[dn_no] = @dn_no0 )) have been fetched.


2011-09-02 14:26:42 User:admin (ENZO\Administrator) 
## Message:All clsdnhdr objects have been fetched.


2011-09-02 14:26:43 User:admin (ENZO\Administrator) 
## Message:A list of clsdnhdr objects ( WHERE ( ( [dbo].[dnhdr].[status_code] in (0) ) )) have been fetched.


2011-09-02 18:42:45 User: (ENZO\Administrator) 
## Message:A list of clsOPERATOR objects ( WHERE ( [operator].[user_code] = @operatoruser_code0 )) have been fetched.


2011-09-02 18:42:46 User:admin (ENZO\Administrator) 
## Message:对象名 'client' 无效。


2011-09-02 18:43:05 User:admin (ENZO\Administrator) 
## Message:All clsdnhdr objects have been fetched.


2011-09-02 18:43:51 User:admin (ENZO\Administrator) 
## Message:A list of clsdnhdr objects ( WHERE ( ( [dbo].[dnhdr].[status_code] in (0) ) )) have been fetched.


2011-09-02 18:43:53 User:admin (ENZO\Administrator) 
## Message:All clsdnhdr objects have been fetched.


2011-09-02 18:43:55 User:admin (ENZO\Administrator) 
## Message:All clsbchhdr objects have been fetched.


2011-09-02 18:43:58 User:admin (ENZO\Administrator) 
## Message:A list of clsbchlin objects ( WHERE ( DataTable.[dc_code] = @dc_code0 ) AND ( DataTable.[bch_no] = @bch_no0 )) have been fetched.


2011-09-02 18:43:59 User:admin (ENZO\Administrator) 
## Message:A list of clsDnBin objects ( WHERE ( DataTable.[bch_no] = @bch_no0 ) AND ( DataTable.[dc_code] = @dc_code0 )) have been fetched.


2011-09-02 18:43:59 User:admin (ENZO\Administrator) 
## Message:A list of clstaskhdr objects ( WHERE ( DataTable.[bch_no] = @bch_no0 ) AND ( DataTable.[dc_code] = @dc_code0 )) have been fetched.


2011-09-02 18:45:22 User: (ENZO\Administrator) 
## Message:A list of clsOPERATOR objects ( WHERE ( [operator].[user_code] = @operatoruser_code0 )) have been fetched.


2011-09-02 18:45:23 User:admin (ENZO\Administrator) 
## Message:对象名 'client' 无效。


2011-09-02 18:45:31 User:admin (ENZO\Administrator) 
## Message:All clsdnhdr objects have been fetched.


2011-09-02 18:46:23 User: (ENZO\Administrator) 
## Message:A list of clsOPERATOR objects ( WHERE ( [operator].[user_code] = @operatoruser_code0 )) have been fetched.


2011-09-02 18:46:23 User:admin (ENZO\Administrator) 
## Message:对象名 'client' 无效。


2011-09-02 18:46:28 User:admin (ENZO\Administrator) 
## Message:All clsdnhdr objects have been fetched.


2011-09-02 18:47:34 User:admin (ENZO\Administrator) 
## Message:All clsdnhdr objects have been fetched.


2011-09-02 18:48:53 User:admin (ENZO\Administrator) 
## Message:All clsdnhdr objects have been fetched.


2011-09-02 18:59:20 User: (ENZO\Administrator) 
## Message:A list of clsOPERATOR objects ( WHERE ( [operator].[user_code] = @operatoruser_code0 )) have been fetched.


2011-09-02 18:59:20 User:admin (ENZO\Administrator) 
## Message:对象名 'client' 无效。


2011-09-02 18:59:25 User:admin (ENZO\Administrator) 
## Message:All clsdnhdr objects have been fetched.


2011-09-02 18:59:44 User:admin (ENZO\Administrator) 
## Message:All clsdnhdr objects have been fetched.


2011-09-02 19:00:01 User:admin (ENZO\Administrator) 
## Message:All clsbchhdr objects have been fetched.


2011-09-02 19:00:05 User:admin (ENZO\Administrator) 
## Message:A list of clsbchlin objects ( WHERE ( DataTable.[bch_no] = @bch_no0 ) AND ( DataTable.[dc_code] = @dc_code0 )) have been fetched.


2011-09-02 19:00:05 User:admin (ENZO\Administrator) 
## Message:A list of clsDnBin objects ( WHERE ( DataTable.[bch_no] = @bch_no0 ) AND ( DataTable.[dc_code] = @dc_code0 )) have been fetched.


2011-09-02 19:00:05 User:admin (ENZO\Administrator) 
## Message:A list of clstaskhdr objects ( WHERE ( DataTable.[bch_no] = @bch_no0 ) AND ( DataTable.[dc_code] = @dc_code0 )) have been fetched.


2011-09-02 19:00:17 User:admin (ENZO\Administrator) 
## Message:All clsbchhdr objects have been fetched.


2011-09-02 19:00:17 User:admin (ENZO\Administrator) 
## Message:A list of clsbchlin objects ( WHERE ( DataTable.[bch_no] = @bch_no0 ) AND ( DataTable.[dc_code] = @dc_code0 )) have been fetched.


2011-09-02 19:00:17 User:admin (ENZO\Administrator) 
## Message:A list of clsDnBin objects ( WHERE ( DataTable.[bch_no] = @bch_no0 ) AND ( DataTable.[dc_code] = @dc_code0 )) have been fetched.


2011-09-02 19:00:17 User:admin (ENZO\Administrator) 
## Message:A list of clstaskhdr objects ( WHERE ( DataTable.[bch_no] = @bch_no0 ) AND ( DataTable.[dc_code] = @dc_code0 )) have been fetched.


2011-09-02 19:15:25 User: (ENZO\Administrator) 
## Message:A list of clsOPERATOR objects ( WHERE ( [operator].[user_code] = @operatoruser_code0 )) have been fetched.


2011-09-02 19:15:26 User:admin (ENZO\Administrator) 
## Message:对象名 'client' 无效。


2011-09-02 19:19:17 User:admin (ENZO\Administrator) 
## Message:All clsbchhdr objects have been fetched.


2011-09-02 19:19:20 User:admin (ENZO\Administrator) 
## Message:A list of clsbchlin objects ( WHERE ( DataTable.[bch_no] = @bch_no0 ) AND ( DataTable.[dc_code] = @dc_code0 )) have been fetched.


2011-09-02 19:19:21 User:admin (ENZO\Administrator) 
## Message:A list of clsDnBin objects ( WHERE ( DataTable.[bch_no] = @bch_no0 ) AND ( DataTable.[dc_code] = @dc_code0 )) have been fetched.


2011-09-02 19:19:21 User:admin (ENZO\Administrator) 
## Message:A list of clstaskhdr objects ( WHERE ( DataTable.[bch_no] = @bch_no0 ) AND ( DataTable.[dc_code] = @dc_code0 )) have been fetched.


2011-09-02 19:30:42 User: (ENZO\Administrator) 
## Message:A list of clsOPERATOR objects ( WHERE ( [operator].[user_code] = @operatoruser_code0 )) have been fetched.


2011-09-02 19:30:42 User:admin (ENZO\Administrator) 
## Message:对象名 'client' 无效。


2011-09-02 19:31:05 User:admin (ENZO\Administrator) 
## Message:All clsbchhdr objects have been fetched.


2011-09-02 19:31:08 User:admin (ENZO\Administrator) 
## Message:A list of clsbchlin objects ( WHERE ( DataTable.[bch_no] = @bch_no0 ) AND ( DataTable.[dc_code] = @dc_code0 )) have been fetched.


2011-09-02 19:31:08 User:admin (ENZO\Administrator) 
## Message:A list of clsDnBin objects ( WHERE ( DataTable.[bch_no] = @bch_no0 ) AND ( DataTable.[dc_code] = @dc_code0 )) have been fetched.


2011-09-02 19:31:08 User:admin (ENZO\Administrator) 
## Message:A list of clstaskhdr objects ( WHERE ( DataTable.[bch_no] = @bch_no0 ) AND ( DataTable.[dc_code] = @dc_code0 )) have been fetched.


2011-09-02 19:32:33 User: (ENZO\Administrator) 
## Message:A list of clsOPERATOR objects ( WHERE ( [operator].[user_code] = @operatoruser_code0 )) have been fetched.


2011-09-02 19:32:33 User:admin (ENZO\Administrator) 
## Message:对象名 'client' 无效。


2011-09-02 19:33:21 User:admin (ENZO\Administrator) 
## Message:All clsdnhdr objects have been fetched.


2011-09-02 19:34:50 User:admin (ENZO\Administrator) 
## Message:All clsbchhdr objects have been fetched.


2011-09-02 19:34:57 User:admin (ENZO\Administrator) 
## Message:All clsbchhdr objects have been fetched.


2011-09-02 19:35:00 User:admin (ENZO\Administrator) 
## Message:A list of clsbchlin objects ( WHERE ( DataTable.[bch_no] = @bch_no0 ) AND ( DataTable.[dc_code] = @dc_code0 )) have been fetched.


2011-09-02 19:35:00 User:admin (ENZO\Administrator) 
## Message:A list of clsDnBin objects ( WHERE ( DataTable.[bch_no] = @bch_no0 ) AND ( DataTable.[dc_code] = @dc_code0 )) have been fetched.


2011-09-02 19:35:00 User:admin (ENZO\Administrator) 
## Message:A list of clstaskhdr objects ( WHERE ( DataTable.[bch_no] = @bch_no0 ) AND ( DataTable.[dc_code] = @dc_code0 )) have been fetched.


2011-09-02 19:35:06 User:admin (ENZO\Administrator) 
## Message:All clsbchhdr objects have been fetched.


2011-09-02 19:35:07 User:admin (ENZO\Administrator) 
## Message:A list of clsbchlin objects ( WHERE ( DataTable.[bch_no] = @bch_no0 ) AND ( DataTable.[dc_code] = @dc_code0 )) have been fetched.


2011-09-02 19:35:07 User:admin (ENZO\Administrator) 
## Message:A list of clsDnBin objects ( WHERE ( DataTable.[bch_no] = @bch_no0 ) AND ( DataTable.[dc_code] = @dc_code0 )) have been fetched.


2011-09-02 19:35:07 User:admin (ENZO\Administrator) 
## Message:A list of clstaskhdr objects ( WHERE ( DataTable.[bch_no] = @bch_no0 ) AND ( DataTable.[dc_code] = @dc_code0 )) have been fetched.


2011-09-02 19:45:44 User:admin (ENZO\Administrator) 
## Message:All clsdnhdr objects have been fetched.


2011-09-02 20:25:02 User:admin (ENZO\Administrator) 
## Message:All clsbchhdr objects have been fetched.


2011-09-02 20:25:04 User:admin (ENZO\Administrator) 
## Message:A list of clsbchlin objects ( WHERE ( DataTable.[bch_no] = @bch_no0 ) AND ( DataTable.[dc_code] = @dc_code0 )) have been fetched.


2011-09-02 20:25:04 User:admin (ENZO\Administrator) 
## Message:A list of clsDnBin objects ( WHERE ( DataTable.[bch_no] = @bch_no0 ) AND ( DataTable.[dc_code] = @dc_code0 )) have been fetched.


2011-09-02 20:25:04 User:admin (ENZO\Administrator) 
## Message:A list of clstaskhdr objects ( WHERE ( DataTable.[bch_no] = @bch_no0 ) AND ( DataTable.[dc_code] = @dc_code0 )) have been fetched.


2011-09-02 20:25:18 User:admin (ENZO\Administrator) 
## Message:All clsDnBin objects have been fetched.


2011-09-02 20:25:20 User:admin (ENZO\Administrator) 
## Message:All clsbinStatus objects have been fetched.


2011-09-02 20:26:33 User:admin (ENZO\Administrator) 
## Message:All clstaskhdr objects have been fetched.


2011-09-02 21:43:26 User:admin (ENZO\Administrator) 
## Message:A list of clsdnlin objects ( WHERE ( DataTable.[dc_code] = @dc_code0 ) AND ( DataTable.[dn_no] = @dn_no0 )) have been fetched.


2011-09-02 21:43:26 User:admin (ENZO\Administrator) 
## Message:A list of clstasklin objects ( WHERE ( DataTable.[dc_code] = @dc_code0 ) AND ( DataTable.[dn_no] = @dn_no0 )) have been fetched.


2011-09-02 21:43:26 User:admin (ENZO\Administrator) 
## Message:A list of clsDnBin objects ( WHERE ( DataTable.[dc_code] = @dc_code0 ) AND ( DataTable.[dn_no] = @dn_no0 )) have been fetched.


2011-09-02 21:43:37 User:admin (ENZO\Administrator) 
## Message:All clsbchhdr objects have been fetched.


2011-09-02 21:43:39 User:admin (ENZO\Administrator) 
## Message:A list of clsbchlin objects ( WHERE ( DataTable.[bch_no] = @bch_no0 ) AND ( DataTable.[dc_code] = @dc_code0 )) have been fetched.


2011-09-02 21:43:39 User:admin (ENZO\Administrator) 
## Message:A list of clsDnBin objects ( WHERE ( DataTable.[bch_no] = @bch_no0 ) AND ( DataTable.[dc_code] = @dc_code0 )) have been fetched.


2011-09-02 21:43:39 User:admin (ENZO\Administrator) 
## Message:A list of clstaskhdr objects ( WHERE ( DataTable.[bch_no] = @bch_no0 ) AND ( DataTable.[dc_code] = @dc_code0 )) have been fetched.


2011-09-02 21:43:48 User:admin (ENZO\Administrator) 
## Message:A list of clstasklist objects ( WHERE ( DataTable.[dc_code] = @dc_code0 ) AND ( DataTable.[task_id] = @task_id0 )) have been fetched.


2011-09-02 21:43:52 User:admin (ENZO\Administrator) 
## Message:A list of clstasklin objects ( WHERE ( DataTable.[dc_code] = @dc_code0 ) AND ( DataTable.[task_id] = @task_id0 )) have been fetched.


2011-09-02 21:44:11 User:admin (ENZO\Administrator) 
## Message:All clsDnBin objects have been fetched.

