
2011-08-31 00:45:17 User:admin (ENZO1\Administrator) 
## Message:System Error:超时时间已到。在操作完成之前超时时间已过或服务器未响应。(代码:-2,来源:系统数据库)
<<SqlException>>:   在 System.Data.SqlClient.SqlConnection.OnError(SqlException exception, Boolean breakConnection)
   在 System.Data.SqlClient.SqlInternalConnection.OnError(SqlException exception, Boolean breakConnection)
   在 System.Data.SqlClient.TdsParser.ThrowExceptionAndWarning(TdsParserStateObject stateObj)
   在 System.Data.SqlClient.TdsParser.Run(RunBehavior runBehavior, SqlCommand cmdHandler, SqlDataReader dataStream, BulkCopySimpleResultSet bulkCopyHandler, TdsParserStateObject stateObj)
   在 System.Data.SqlClient.SqlDataReader.ConsumeMetaData()
   在 System.Data.SqlClient.SqlDataReader.get_MetaData()
   在 System.Data.SqlClient.SqlCommand.FinishExecuteReader(SqlDataReader ds, RunBehavior runBehavior, String resetOptionsString)
   在 System.Data.SqlClient.SqlCommand.RunExecuteReaderTds(CommandBehavior cmdBehavior, RunBehavior runBehavior, Boolean returnStream, Boolean async)
   在 System.Data.SqlClient.SqlCommand.RunExecuteReader(CommandBehavior cmdBehavior, RunBehavior runBehavior, Boolean returnStream, String method, DbAsyncResult result)
   在 System.Data.SqlClient.SqlCommand.RunExecuteReader(CommandBehavior cmdBehavior, RunBehavior runBehavior, Boolean returnStream, String method)
   在 System.Data.SqlClient.SqlCommand.ExecuteReader(CommandBehavior behavior, String method)
   在 System.Data.SqlClient.SqlCommand.ExecuteDbDataReader(CommandBehavior behavior)
   在 System.Data.Common.DbCommand.System.Data.IDbCommand.ExecuteReader(CommandBehavior behavior)
   在 System.Data.Common.DbDataAdapter.FillInternal(DataSet dataset, DataTable[] datatables, Int32 startRecord, Int32 maxRecords, String srcTable, IDbCommand command, CommandBehavior behavior)
   在 System.Data.Common.DbDataAdapter.Fill(DataSet dataSet, Int32 startRecord, Int32 maxRecords, String srcTable, IDbCommand command, CommandBehavior behavior)
   在 System.Data.Common.DbDataAdapter.Fill(DataSet dataSet)
   在 COMExpress.BusinessObject.DatabaseHelper.SQLToDataSet(String strSQL, CommandType CommandType, Int32 iCmdTimeout)

<<DataPortalException>>:   在 System.RuntimeMethodHandle._InvokeMethodFast(Object target, Object[] arguments, SignatureStruct& sig, MethodAttributes methodAttributes, RuntimeTypeHandle typeOwner)
   在 System.RuntimeMethodHandle.InvokeMethodFast(Object target, Object[] arguments, Signature sig, MethodAttributes methodAttributes, RuntimeTypeHandle typeOwner)
   在 System.Reflection.RuntimeMethodInfo.Invoke(Object obj, BindingFlags invokeAttr, Binder binder, Object[] parameters, CultureInfo culture, Boolean skipVisibilityChecks)
   在 System.Reflection.RuntimeMethodInfo.Invoke(Object obj, BindingFlags invokeAttr, Binder binder, Object[] parameters, CultureInfo culture)
   在 System.Reflection.MethodBase.Invoke(Object obj, Object[] parameters)
   在 CSLA.Server.DataPortal.CallMethod(Object obj, String method, Object[] params)
   在 CSLA.Server.DataPortal.CallMethod(Object obj, String method, Object[] params)
   在 CSLA.Server.DataPortal.Update(Object obj, DataPortalContext context)
   在 CSLA.DataPortal.Update(Object obj)
   在 CSLA.BusinessCollectionBase.Save()
   在 COMExpress.Windows.Forms.CXWinFormBase.AcceptChanges()


2011-08-31 01:19:38 User:admin (ENZO1\Administrator) 
## Message:System Error:Object is not valid and can not be saved:The value for bch_no is required and can not be zero length

<<Exception>>:   在 CSLA.BusinessCollectionBase.Save()
   在 COMExpress.Windows.Forms.CXWinFormBase.AcceptChanges()


2011-08-31 01:20:07 User:admin (ENZO1\Administrator) 
## Message:System Error:The current data is invalid and you can't edit it
<<Exception>>:

