
2011-09-02 06:21:59 User:admin (ENZO\Administrator) 
## Message:System Error(XMLSetting/WriteProfileString):
此文档已具有“DocumentElement”节点。
<<InvalidOperationException>>:   在 System.Xml.XmlDocument.IsValidChildType(XmlNodeType type)
   在 System.Xml.XmlNode.AppendChild(XmlNode newChild)
   在 YTUI.XMLSetting.WriteProfileString(String AppTitle, String Section, String key, String keyvalue) 位置 E:\项目\ceva_picking\code\PC\UI\Config\XMLSetting.vb:行号 39


2011-09-02 06:54:45 User:admin (ENZO\Administrator) 
## Message:System Error(XMLSetting/WriteProfileString):
此文档已具有“DocumentElement”节点。
<<InvalidOperationException>>:   在 System.Xml.XmlDocument.IsValidChildType(XmlNodeType type)
   在 System.Xml.XmlNode.AppendChild(XmlNode newChild)
   在 YTUI.XMLSetting.WriteProfileString(String AppTitle, String Section, String key, String keyvalue)


2011-09-02 07:07:18 User:admin (ENZO\Administrator) 
## Message:System Error:异常来自 HRESULT:0x800A01A8(COMException)
   在 System.RuntimeType.ForwardCallToInvokeMember(String memberName, BindingFlags flags, Object target, Int32[] aWrapperTypes, MessageData& msgData)
   在 Excel.Range.get_Item(Object RowIndex, Object ColumnIndex)
   在 ImportExport.Office.ExcelFile.SheetRead(Int32 col, Int32 row, Boolean bGetValue)
   在 ImportExport.Device.SourceDeviceExcel.ExcelToDataSet()


2011-09-02 07:07:27 User:admin (ENZO\Administrator) 
## Message:System Error(XMLSetting/WriteProfileString):
此文档已具有“DocumentElement”节点。
<<InvalidOperationException>>:   在 System.Xml.XmlDocument.IsValidChildType(XmlNodeType type)
   在 System.Xml.XmlNode.AppendChild(XmlNode newChild)
   在 YTUI.XMLSetting.WriteProfileString(String AppTitle, String Section, String key, String keyvalue)


2011-09-02 13:23:34 User:admin (ENZO\Administrator) 
## Message:System Error(XMLSetting/WriteProfileString):
此文档已具有“DocumentElement”节点。
<<InvalidOperationException>>:   在 System.Xml.XmlDocument.IsValidChildType(XmlNodeType type)
   在 System.Xml.XmlNode.AppendChild(XmlNode newChild)
   在 YTUI.XMLSetting.WriteProfileString(String AppTitle, String Section, String key, String keyvalue)


2011-09-02 13:23:37 User:admin (ENZO\Administrator) 
## Message:System Error:File is not existed.False
<<Exception>>:   在 ImportExport.ProcessorBase.RunImport(String strxmlFile, Boolean ClearBeforeImport)
   在 YTUI.frmMain.CallImportGeneral(FileType vFileType, String vDataFile, String vPath, String vBussiness, String vXmlFile, String vCaption, String right_no)


2011-09-02 13:23:44 User:admin (ENZO\Administrator) 
## Message:System Error(XMLSetting/WriteProfileString):
此文档已具有“DocumentElement”节点。
<<InvalidOperationException>>:   在 System.Xml.XmlDocument.IsValidChildType(XmlNodeType type)
   在 System.Xml.XmlNode.AppendChild(XmlNode newChild)
   在 YTUI.XMLSetting.WriteProfileString(String AppTitle, String Section, String key, String keyvalue)


2011-09-02 13:23:46 User:admin (ENZO\Administrator) 
## Message:System Error:File is not existed.False
<<Exception>>:   在 ImportExport.ProcessorBase.RunImport(String strxmlFile, Boolean ClearBeforeImport)
   在 YTUI.frmMain.CallImportGeneral(FileType vFileType, String vDataFile, String vPath, String vBussiness, String vXmlFile, String vCaption, String right_no)


2011-09-02 13:25:43 User:admin (ENZO\Administrator) 
## Message:System Error(XMLSetting/WriteProfileString):
此文档已具有“DocumentElement”节点。
<<InvalidOperationException>>:   在 System.Xml.XmlDocument.IsValidChildType(XmlNodeType type)
   在 System.Xml.XmlNode.AppendChild(XmlNode newChild)
   在 YTUI.XMLSetting.WriteProfileString(String AppTitle, String Section, String key, String keyvalue)


2011-09-02 13:25:55 User:admin (ENZO\Administrator) 
## Message:System Error:Import Fail.
<<Exception>>:   在 ImportExport.ProcessorBase.RunImport(String strxmlFile, Boolean ClearBeforeImport)
   在 YTUI.frmMain.CallImportGeneral(FileType vFileType, String vDataFile, String vPath, String vBussiness, String vXmlFile, String vCaption, String right_no)
空路径名是非法的。
<<ArgumentException>>:   在 System.IO.FileStream.Init(String path, FileMode mode, FileAccess access, Int32 rights, Boolean useRights, FileShare share, Int32 bufferSize, FileOptions options, SECURITY_ATTRIBUTES secAttrs, String msgPath, Boolean bFromProxy)
   在 System.IO.FileStream..ctor(String path, FileMode mode)
   在 ImportExport.Device.TargetDeviceText.OpenDevice(String strFile)
   在 ImportExport.ProcessorBase.RunImport(String strxmlFile, Boolean ClearBeforeImport)


2011-09-02 13:27:20 User:admin (ENZO\Administrator) 
## Message:System Error(XMLSetting/WriteProfileString):
此文档已具有“DocumentElement”节点。
<<InvalidOperationException>>:   在 System.Xml.XmlDocument.IsValidChildType(XmlNodeType type)
   在 System.Xml.XmlNode.AppendChild(XmlNode newChild)
   在 YTUI.XMLSetting.WriteProfileString(String AppTitle, String Section, String key, String keyvalue)

