
2011-08-29 13:20:36 User:admin (ENZO1\Administrator) 
## Message:System Error(XMLSetting/WriteProfileString):
此文档已具有“DocumentElement”节点。
<<InvalidOperationException>>:   在 System.Xml.XmlDocument.IsValidChildType(XmlNodeType type)
   在 System.Xml.XmlNode.AppendChild(XmlNode newChild)
   在 YTUI.XMLSetting.WriteProfileString(String AppTitle, String Section, String key, String keyvalue)


2011-08-29 15:43:49 User:admin (ENZO1\Administrator) 
## Message:System Error(XMLSetting/WriteProfileString):
此文档已具有“DocumentElement”节点。
<<InvalidOperationException>>:   在 System.Xml.XmlDocument.IsValidChildType(XmlNodeType type)
   在 System.Xml.XmlNode.AppendChild(XmlNode newChild)
   在 YTUI.XMLSetting.WriteProfileString(String AppTitle, String Section, String key, String keyvalue)


2011-08-29 18:36:29 User:admin (ENZO1\Administrator) 
## Message:System Error:此任务[TASK1108290106]已操作,不能删除！(代码:50000,来源:系统数据库)
<<SqlException>>:   在 System.Data.SqlClient.SqlConnection.OnError(SqlException exception, Boolean breakConnection)
   在 System.Data.SqlClient.SqlInternalConnection.OnError(SqlException exception, Boolean breakConnection)
   在 System.Data.SqlClient.TdsParser.ThrowExceptionAndWarning(TdsParserStateObject stateObj)
   在 System.Data.SqlClient.TdsParser.Run(RunBehavior runBehavior, SqlCommand cmdHandler, SqlDataReader dataStream, BulkCopySimpleResultSet bulkCopyHandler, TdsParserStateObject stateObj)
   在 System.Data.SqlClient.SqlCommand.FinishExecuteReader(SqlDataReader ds, RunBehavior runBehavior, String resetOptionsString)
   在 System.Data.SqlClient.SqlCommand.RunExecuteReaderTds(CommandBehavior cmdBehavior, RunBehavior runBehavior, Boolean returnStream, Boolean async)
   在 System.Data.SqlClient.SqlCommand.RunExecuteReader(CommandBehavior cmdBehavior, RunBehavior runBehavior, Boolean returnStream, String method, DbAsyncResult result)
   在 System.Data.SqlClient.SqlCommand.InternalExecuteNonQuery(DbAsyncResult result, String methodName, Boolean sendToPipe)
   在 System.Data.SqlClient.SqlCommand.ExecuteNonQuery()
   在 COMExpress.BusinessObject.DBFunctions.DBDelete(BusinessBaseDerived objBO, IDbCommand& cmd)
   在 COMExpress.BusinessObject.DBFunctions.SaveObject(BusinessBaseDerived& objBO, IDbConnection conn, IDbTransaction trans)

<<DataPortalException>>:   在 System.RuntimeMethodHandle._InvokeMethodFast(Object target, Object[] arguments, SignatureStruct& sig, MethodAttributes methodAttributes, RuntimeTypeHandle typeOwner)
   在 System.RuntimeMethodHandle.InvokeMethodFast(Object target, Object[] arguments, Signature sig, MethodAttributes methodAttributes, RuntimeTypeHandle typeOwner)
   在 System.Reflection.RuntimeMethodInfo.Invoke(Object obj, BindingFlags invokeAttr, Binder binder, Object[] parameters, CultureInfo culture, Boolean skipVisibilityChecks)
   在 System.Reflection.RuntimeMethodInfo.Invoke(Object obj, BindingFlags invokeAttr, Binder binder, Object[] parameters, CultureInfo culture)
   在 System.Reflection.MethodBase.Invoke(Object obj, Object[] parameters)
   在 CSLA.Server.DataPortal.CallMethod(Object obj, String method, Object[] params)
   在 CSLA.Server.DataPortal.CallMethod(Object obj, String method, Object[] params)
   在 CSLA.Server.DataPortal.Update(Object obj, DataPortalContext context)
   在 CSLA.DataPortal.Update(Object obj)
   在 CSLA.BusinessCollectionBase.Save()
   在 COMExpress.Windows.Forms.CXWinFormBase.AcceptChanges()


2011-08-29 18:38:47 User:admin (ENZO1\Administrator) 
## Message:System Error:此任务[TASK1108290106]已操作,不能删除！(代码:50000,来源:系统数据库)
<<SqlException>>:   在 System.Data.SqlClient.SqlConnection.OnError(SqlException exception, Boolean breakConnection)
   在 System.Data.SqlClient.SqlInternalConnection.OnError(SqlException exception, Boolean breakConnection)
   在 System.Data.SqlClient.TdsParser.ThrowExceptionAndWarning(TdsParserStateObject stateObj)
   在 System.Data.SqlClient.TdsParser.Run(RunBehavior runBehavior, SqlCommand cmdHandler, SqlDataReader dataStream, BulkCopySimpleResultSet bulkCopyHandler, TdsParserStateObject stateObj)
   在 System.Data.SqlClient.SqlCommand.FinishExecuteReader(SqlDataReader ds, RunBehavior runBehavior, String resetOptionsString)
   在 System.Data.SqlClient.SqlCommand.RunExecuteReaderTds(CommandBehavior cmdBehavior, RunBehavior runBehavior, Boolean returnStream, Boolean async)
   在 System.Data.SqlClient.SqlCommand.RunExecuteReader(CommandBehavior cmdBehavior, RunBehavior runBehavior, Boolean returnStream, String method, DbAsyncResult result)
   在 System.Data.SqlClient.SqlCommand.InternalExecuteNonQuery(DbAsyncResult result, String methodName, Boolean sendToPipe)
   在 System.Data.SqlClient.SqlCommand.ExecuteNonQuery()
   在 COMExpress.BusinessObject.DBFunctions.DBDelete(BusinessBaseDerived objBO, IDbCommand& cmd)
   在 COMExpress.BusinessObject.DBFunctions.SaveObject(BusinessBaseDerived& objBO, IDbConnection conn, IDbTransaction trans)

<<DataPortalException>>:   在 System.RuntimeMethodHandle._InvokeMethodFast(Object target, Object[] arguments, SignatureStruct& sig, MethodAttributes methodAttributes, RuntimeTypeHandle typeOwner)
   在 System.RuntimeMethodHandle.InvokeMethodFast(Object target, Object[] arguments, Signature sig, MethodAttributes methodAttributes, RuntimeTypeHandle typeOwner)
   在 System.Reflection.RuntimeMethodInfo.Invoke(Object obj, BindingFlags invokeAttr, Binder binder, Object[] parameters, CultureInfo culture, Boolean skipVisibilityChecks)
   在 System.Reflection.RuntimeMethodInfo.Invoke(Object obj, BindingFlags invokeAttr, Binder binder, Object[] parameters, CultureInfo culture)
   在 System.Reflection.MethodBase.Invoke(Object obj, Object[] parameters)
   在 CSLA.Server.DataPortal.CallMethod(Object obj, String method, Object[] params)
   在 CSLA.Server.DataPortal.CallMethod(Object obj, String method, Object[] params)
   在 CSLA.Server.DataPortal.Update(Object obj, DataPortalContext context)
   在 CSLA.DataPortal.Update(Object obj)
   在 CSLA.BusinessCollectionBase.Save()
   在 COMExpress.Windows.Forms.CXWinFormBase.AcceptChanges()


2011-08-29 18:39:02 User:admin (ENZO1\Administrator) 
## Message:System Error:此任务[TASK1108290106]已操作,不能删除！(代码:50000,来源:系统数据库)
<<SqlException>>:   在 System.Data.SqlClient.SqlConnection.OnError(SqlException exception, Boolean breakConnection)
   在 System.Data.SqlClient.SqlInternalConnection.OnError(SqlException exception, Boolean breakConnection)
   在 System.Data.SqlClient.TdsParser.ThrowExceptionAndWarning(TdsParserStateObject stateObj)
   在 System.Data.SqlClient.TdsParser.Run(RunBehavior runBehavior, SqlCommand cmdHandler, SqlDataReader dataStream, BulkCopySimpleResultSet bulkCopyHandler, TdsParserStateObject stateObj)
   在 System.Data.SqlClient.SqlCommand.FinishExecuteReader(SqlDataReader ds, RunBehavior runBehavior, String resetOptionsString)
   在 System.Data.SqlClient.SqlCommand.RunExecuteReaderTds(CommandBehavior cmdBehavior, RunBehavior runBehavior, Boolean returnStream, Boolean async)
   在 System.Data.SqlClient.SqlCommand.RunExecuteReader(CommandBehavior cmdBehavior, RunBehavior runBehavior, Boolean returnStream, String method, DbAsyncResult result)
   在 System.Data.SqlClient.SqlCommand.InternalExecuteNonQuery(DbAsyncResult result, String methodName, Boolean sendToPipe)
   在 System.Data.SqlClient.SqlCommand.ExecuteNonQuery()
   在 COMExpress.BusinessObject.DBFunctions.DBDelete(BusinessBaseDerived objBO, IDbCommand& cmd)
   在 COMExpress.BusinessObject.DBFunctions.SaveObject(BusinessBaseDerived& objBO, IDbConnection conn, IDbTransaction trans)

<<DataPortalException>>:   在 System.RuntimeMethodHandle._InvokeMethodFast(Object target, Object[] arguments, SignatureStruct& sig, MethodAttributes methodAttributes, RuntimeTypeHandle typeOwner)
   在 System.RuntimeMethodHandle.InvokeMethodFast(Object target, Object[] arguments, Signature sig, MethodAttributes methodAttributes, RuntimeTypeHandle typeOwner)
   在 System.Reflection.RuntimeMethodInfo.Invoke(Object obj, BindingFlags invokeAttr, Binder binder, Object[] parameters, CultureInfo culture, Boolean skipVisibilityChecks)
   在 System.Reflection.RuntimeMethodInfo.Invoke(Object obj, BindingFlags invokeAttr, Binder binder, Object[] parameters, CultureInfo culture)
   在 System.Reflection.MethodBase.Invoke(Object obj, Object[] parameters)
   在 CSLA.Server.DataPortal.CallMethod(Object obj, String method, Object[] params)
   在 CSLA.Server.DataPortal.CallMethod(Object obj, String method, Object[] params)
   在 CSLA.Server.DataPortal.Update(Object obj, DataPortalContext context)
   在 CSLA.DataPortal.Update(Object obj)
   在 CSLA.BusinessCollectionBase.Save()
   在 COMExpress.Windows.Forms.CXWinFormBase.AcceptChanges()

