
2011-09-01 13:38:02 User:admin (ENZO\Administrator) 
## Message:System Error:异常来自 HRESULT:0x800401A8(COMException)
   在 Excel._Worksheet.get_Cells()
   在 ImportExport.Office.ExcelFile.SheetRead(Int32 col, Int32 row, Boolean bGetValue)
   在 ImportExport.Device.SourceDeviceExcel.ExcelToDataSet()


2011-09-01 13:38:56 User:admin (ENZO\Administrator) 
## Message:System Error(XMLSetting/WriteProfileString):
此文档已具有“DocumentElement”节点。
<<InvalidOperationException>>:   在 System.Xml.XmlDocument.IsValidChildType(XmlNodeType type)
   在 System.Xml.XmlNode.AppendChild(XmlNode newChild)
   在 YTUI.XMLSetting.WriteProfileString(String AppTitle, String Section, String key, String keyvalue)


2011-09-01 13:55:57 User:admin (ENZO\Administrator) 
## Message:System Error(XMLSetting/WriteProfileString):
此文档已具有“DocumentElement”节点。
<<InvalidOperationException>>:   在 System.Xml.XmlDocument.IsValidChildType(XmlNodeType type)
   在 System.Xml.XmlNode.AppendChild(XmlNode newChild)
   在 YTUI.XMLSetting.WriteProfileString(String AppTitle, String Section, String key, String keyvalue)


2011-09-01 14:00:21 User:admin (ENZO\Administrator) 
## Message:System Error(XMLSetting/WriteProfileString):
此文档已具有“DocumentElement”节点。
<<InvalidOperationException>>:   在 System.Xml.XmlDocument.IsValidChildType(XmlNodeType type)
   在 System.Xml.XmlNode.AppendChild(XmlNode newChild)
   在 YTUI.XMLSetting.WriteProfileString(String AppTitle, String Section, String key, String keyvalue)


2011-09-01 14:11:38 User:admin (ENZO\Administrator) 
## Message:System Error(XMLSetting/WriteProfileString):
此文档已具有“DocumentElement”节点。
<<InvalidOperationException>>:   在 System.Xml.XmlDocument.IsValidChildType(XmlNodeType type)
   在 System.Xml.XmlNode.AppendChild(XmlNode newChild)
   在 YTUI.XMLSetting.WriteProfileString(String AppTitle, String Section, String key, String keyvalue)


2011-09-01 14:18:04 User:admin (ENZO\Administrator) 
## Message:System Error(XMLSetting/WriteProfileString):
此文档已具有“DocumentElement”节点。
<<InvalidOperationException>>:   在 System.Xml.XmlDocument.IsValidChildType(XmlNodeType type)
   在 System.Xml.XmlNode.AppendChild(XmlNode newChild)
   在 YTUI.XMLSetting.WriteProfileString(String AppTitle, String Section, String key, String keyvalue)


2011-09-01 15:29:40 User:admin (ENZO\Administrator) 
## Message:System Error(XMLSetting/WriteProfileString):
此文档已具有“DocumentElement”节点。
<<InvalidOperationException>>:   在 System.Xml.XmlDocument.IsValidChildType(XmlNodeType type)
   在 System.Xml.XmlNode.AppendChild(XmlNode newChild)
   在 YTUI.XMLSetting.WriteProfileString(String AppTitle, String Section, String key, String keyvalue)


2011-09-01 16:24:31 User:admin (ENZO\Administrator) 
## Message:System Error(XMLSetting/WriteProfileString):
此文档已具有“DocumentElement”节点。
<<InvalidOperationException>>:   在 System.Xml.XmlDocument.IsValidChildType(XmlNodeType type)
   在 System.Xml.XmlNode.AppendChild(XmlNode newChild)
   在 YTUI.XMLSetting.WriteProfileString(String AppTitle, String Section, String key, String keyvalue) 位置 E:\项目\ceva_picking\code\PC\UI\Config\XMLSetting.vb:行号 39


2011-09-01 23:57:26 User:admin (ENZO\Administrator) 
## Message:System Error(XMLSetting/WriteProfileString):
此文档已具有“DocumentElement”节点。
<<InvalidOperationException>>:   在 System.Xml.XmlDocument.IsValidChildType(XmlNodeType type)
   在 System.Xml.XmlNode.AppendChild(XmlNode newChild)
   在 YTUI.XMLSetting.WriteProfileString(String AppTitle, String Section, String key, String keyvalue) 位置 E:\项目\ceva_picking\code\PC\UI\Config\XMLSetting.vb:行号 39

